<?xml version="1.0" encoding="utf-8"?><testsuites><testsuite name="pytest" errors="1" failures="0" skipped="0" tests="1" time="2.204" timestamp="2021-03-01T19:57:01.724335" hostname="pragmatic"><testcase classname="" name="" time="0.000"><error message="collection failure">/usr/lib/python3.8/importlib/__init__.py:127: in import_module
    return _bootstrap._gcd_import(name[level:], package, level)
&lt;frozen importlib._bootstrap&gt;:1014: in _gcd_import
    ???
&lt;frozen importlib._bootstrap&gt;:991: in _find_and_load
    ???
&lt;frozen importlib._bootstrap&gt;:975: in _find_and_load_unlocked
    ???
&lt;frozen importlib._bootstrap&gt;:671: in _load_unlocked
    ???
/home/pykulytsky/.virtualenvs/fishenv/lib/python3.8/site-packages/_pytest/assertion/rewrite.py:170: in exec_module
    exec(co, module.__dict__)
app/authentication/tests/conftest.py:3: in &lt;module&gt;
    from rest_framework.test import APIClient
/home/pykulytsky/.virtualenvs/fishenv/lib/python3.8/site-packages/rest_framework/test.py:138: in &lt;module&gt;
    class APIRequestFactory(DjangoRequestFactory):
/home/pykulytsky/.virtualenvs/fishenv/lib/python3.8/site-packages/rest_framework/test.py:139: in APIRequestFactory
    renderer_classes_list = api_settings.TEST_REQUEST_RENDERER_CLASSES
/home/pykulytsky/.virtualenvs/fishenv/lib/python3.8/site-packages/rest_framework/settings.py:218: in __getattr__
    val = self.user_settings[attr]
/home/pykulytsky/.virtualenvs/fishenv/lib/python3.8/site-packages/rest_framework/settings.py:209: in user_settings
    self._user_settings = getattr(settings, 'REST_FRAMEWORK', {})
/home/pykulytsky/.virtualenvs/fishenv/lib/python3.8/site-packages/django/conf/__init__.py:82: in __getattr__
    self._setup(name)
/home/pykulytsky/.virtualenvs/fishenv/lib/python3.8/site-packages/django/conf/__init__.py:63: in _setup
    raise ImproperlyConfigured(
E   django.core.exceptions.ImproperlyConfigured: Requested setting REST_FRAMEWORK, but settings are not configured. You must either define the environment variable DJANGO_SETTINGS_MODULE or call settings.configure() before accessing settings.</error></testcase></testsuite></testsuites>