<?xml version="1.0" encoding="utf-8"?><testsuites><testsuite name="pytest" errors="0" failures="0" skipped="0" tests="0" time="0.042" timestamp="2021-03-01T18:44:57.731910" hostname="pragmatic" /></testsuites>